<?xml version="1.0" encoding="UTF-8"?>
<testsuite name="com.didispace.ApplicationTests" time="0.301" tests="1" errors="0" skipped="0" failures="1">
  <properties>
[...]
</properties>
  <testcase name="getHello" classname="com.didispace.ApplicationTests" time="0.301">
    <failure message="Status expected:&lt;200&gt; but was:&lt;404&gt;" type="java.lang.AssertionError"><![CDATA[java.lang.AssertionError: Status expected:<200> but was:<404>
	at org.springframework.test.util.AssertionErrors.fail(AssertionErrors.java:60)
	at org.springframework.test.util.AssertionErrors.assertEquals(AssertionErrors.java:89)
	at org.springframework.test.web.servlet.result.StatusResultMatchers$10.match(StatusResultMatchers.java:655)
	at org.springframework.test.web.servlet.MockMvc$1.andExpect(MockMvc.java:171)
	at com.didispace.ApplicationTests.getHello(ApplicationTests.java:36)
]]></failure>
    <system-out><![CDATA[15:26:00.569 [main] DEBUG org.springframework.test.context.junit4.SpringJUnit4ClassRunner - SpringJUnit4ClassRunner constructor called with [class com.didispace.ApplicationTests]
15:26:00.578 [main] DEBUG org.springframework.test.context.BootstrapUtils - Instantiating CacheAwareContextLoaderDelegate from class [org.springframework.test.context.cache.DefaultCacheAwareContextLoaderDelegate]
15:26:00.593 [main] DEBUG org.springframework.test.context.BootstrapUtils - Instantiating BootstrapContext using constructor [public org.springframework.test.context.support.DefaultBootstrapContext(java.lang.Class,org.springframework.test.context.CacheAwareContextLoaderDelegate)]
15:26:00.617 [main] DEBUG org.springframework.test.context.BootstrapUtils - Instantiating TestContextBootstrapper for test class [com.didispace.ApplicationTests] from class [org.springframework.test.context.web.WebTestContextBootstrapper]
15:26:00.646 [main] DEBUG org.springframework.test.context.web.WebTestContextBootstrapper - Found explicit ContextLoader class [org.springframework.boot.test.SpringApplicationContextLoader] for context configuration attributes [ContextConfigurationAttributes@69ea3742 declaringClass = 'com.didispace.ApplicationTests', classes = '{class org.springframework.mock.web.MockServletContext}', locations = '{}', inheritLocations = true, initializers = '{}', inheritInitializers = true, name = [null], contextLoaderClass = 'org.springframework.boot.test.SpringApplicationContextLoader']
15:26:00.657 [main] DEBUG org.springframework.test.context.support.AbstractContextLoader - Did not detect default resource location for test class [com.didispace.ApplicationTests]: class path resource [com/didispace/ApplicationTests-context.xml] does not exist
15:26:00.658 [main] DEBUG org.springframework.test.context.support.AbstractContextLoader - Did not detect default resource location for test class [com.didispace.ApplicationTests]: class path resource [com/didispace/ApplicationTestsContext.groovy] does not exist
15:26:00.658 [main] INFO org.springframework.test.context.support.AbstractContextLoader - Could not detect default resource locations for test class [com.didispace.ApplicationTests]: no resource found for suffixes {-context.xml, Context.groovy}.
15:26:00.661 [main] DEBUG org.springframework.test.context.support.ActiveProfilesUtils - Could not find an 'annotation declaring class' for annotation type [org.springframework.test.context.ActiveProfiles] and class [com.didispace.ApplicationTests]
15:26:00.666 [main] DEBUG org.springframework.test.context.web.WebTestContextBootstrapper - @TestExecutionListeners is not present for class [com.didispace.ApplicationTests]: using defaults.
15:26:00.676 [main] INFO org.springframework.test.context.web.WebTestContextBootstrapper - Loaded default TestExecutionListener class names from location [META-INF/spring.factories]: [org.springframework.test.context.web.ServletTestExecutionListener, org.springframework.test.context.support.DirtiesContextBeforeModesTestExecutionListener, org.springframework.test.context.support.DependencyInjectionTestExecutionListener, org.springframework.test.context.support.DirtiesContextTestExecutionListener, org.springframework.test.context.transaction.TransactionalTestExecutionListener, org.springframework.test.context.jdbc.SqlScriptsTestExecutionListener]
15:26:00.690 [main] INFO org.springframework.test.context.web.WebTestContextBootstrapper - Could not instantiate TestExecutionListener [org.springframework.test.context.jdbc.SqlScriptsTestExecutionListener]. Specify custom listener classes or make the default listener classes (and their required dependencies) available. Offending class: [org/springframework/transaction/interceptor/TransactionAttribute]
15:26:00.691 [main] INFO org.springframework.test.context.web.WebTestContextBootstrapper - Could not instantiate TestExecutionListener [org.springframework.test.context.transaction.TransactionalTestExecutionListener]. Specify custom listener classes or make the default listener classes (and their required dependencies) available. Offending class: [org/springframework/transaction/interceptor/TransactionAttributeSource]
15:26:00.693 [main] INFO org.springframework.test.context.web.WebTestContextBootstrapper - Using TestExecutionListeners: [org.springframework.test.context.web.ServletTestExecutionListener@51cdd8a, org.springframework.test.context.support.DirtiesContextBeforeModesTestExecutionListener@d44fc21, org.springframework.test.context.support.DependencyInjectionTestExecutionListener@23faf8f2, org.springframework.test.context.support.DirtiesContextTestExecutionListener@2d6eabae]
15:26:00.698 [main] DEBUG org.springframework.test.annotation.ProfileValueUtils - Retrieved @ProfileValueSourceConfiguration [null] for test class [com.didispace.ApplicationTests]
15:26:00.699 [main] DEBUG org.springframework.test.annotation.ProfileValueUtils - Retrieved ProfileValueSource type [class org.springframework.test.annotation.SystemProfileValueSource] for class [com.didispace.ApplicationTests]
15:26:00.702 [main] DEBUG org.springframework.test.context.junit4.SpringJUnit4ClassRunner - SpringJUnit4ClassRunner constructor called with [class com.didispace.ApplicationTests]
15:26:00.702 [main] DEBUG org.springframework.test.context.BootstrapUtils - Instantiating CacheAwareContextLoaderDelegate from class [org.springframework.test.context.cache.DefaultCacheAwareContextLoaderDelegate]
15:26:00.703 [main] DEBUG org.springframework.test.context.BootstrapUtils - Instantiating BootstrapContext using constructor [public org.springframework.test.context.support.DefaultBootstrapContext(java.lang.Class,org.springframework.test.context.CacheAwareContextLoaderDelegate)]
15:26:00.705 [main] DEBUG org.springframework.test.context.BootstrapUtils - Instantiating TestContextBootstrapper for test class [com.didispace.ApplicationTests] from class [org.springframework.test.context.web.WebTestContextBootstrapper]
15:26:00.708 [main] DEBUG org.springframework.test.context.web.WebTestContextBootstrapper - Found explicit ContextLoader class [org.springframework.boot.test.SpringApplicationContextLoader] for context configuration attributes [ContextConfigurationAttributes@74650e52 declaringClass = 'com.didispace.ApplicationTests', classes = '{class org.springframework.mock.web.MockServletContext}', locations = '{}', inheritLocations = true, initializers = '{}', inheritInitializers = true, name = [null], contextLoaderClass = 'org.springframework.boot.test.SpringApplicationContextLoader']
15:26:00.710 [main] DEBUG org.springframework.test.context.support.AbstractContextLoader - Did not detect default resource location for test class [com.didispace.ApplicationTests]: class path resource [com/didispace/ApplicationTests-context.xml] does not exist
15:26:00.711 [main] DEBUG org.springframework.test.context.support.AbstractContextLoader - Did not detect default resource location for test class [com.didispace.ApplicationTests]: class path resource [com/didispace/ApplicationTestsContext.groovy] does not exist
15:26:00.712 [main] INFO org.springframework.test.context.support.AbstractContextLoader - Could not detect default resource locations for test class [com.didispace.ApplicationTests]: no resource found for suffixes {-context.xml, Context.groovy}.
15:26:00.712 [main] DEBUG org.springframework.test.context.support.ActiveProfilesUtils - Could not find an 'annotation declaring class' for annotation type [org.springframework.test.context.ActiveProfiles] and class [com.didispace.ApplicationTests]
15:26:00.713 [main] DEBUG org.springframework.test.context.web.WebTestContextBootstrapper - @TestExecutionListeners is not present for class [com.didispace.ApplicationTests]: using defaults.
15:26:00.716 [main] INFO org.springframework.test.context.web.WebTestContextBootstrapper - Loaded default TestExecutionListener class names from location [META-INF/spring.factories]: [org.springframework.test.context.web.ServletTestExecutionListener, org.springframework.test.context.support.DirtiesContextBeforeModesTestExecutionListener, org.springframework.test.context.support.DependencyInjectionTestExecutionListener, org.springframework.test.context.support.DirtiesContextTestExecutionListener, org.springframework.test.context.transaction.TransactionalTestExecutionListener, org.springframework.test.context.jdbc.SqlScriptsTestExecutionListener]
15:26:00.718 [main] INFO org.springframework.test.context.web.WebTestContextBootstrapper - Could not instantiate TestExecutionListener [org.springframework.test.context.jdbc.SqlScriptsTestExecutionListener]. Specify custom listener classes or make the default listener classes (and their required dependencies) available. Offending class: [org/springframework/transaction/interceptor/TransactionAttribute]
15:26:00.721 [main] INFO org.springframework.test.context.web.WebTestContextBootstrapper - Could not instantiate TestExecutionListener [org.springframework.test.context.transaction.TransactionalTestExecutionListener]. Specify custom listener classes or make the default listener classes (and their required dependencies) available. Offending class: [org/springframework/transaction/interceptor/TransactionAttributeSource]
15:26:00.721 [main] INFO org.springframework.test.context.web.WebTestContextBootstrapper - Using TestExecutionListeners: [org.springframework.test.context.web.ServletTestExecutionListener@305fd85d, org.springframework.test.context.support.DirtiesContextBeforeModesTestExecutionListener@458c1321, org.springframework.test.context.support.DependencyInjectionTestExecutionListener@11438d26, org.springframework.test.context.support.DirtiesContextTestExecutionListener@34cd072c]
15:26:00.723 [main] DEBUG org.springframework.test.annotation.ProfileValueUtils - Retrieved @ProfileValueSourceConfiguration [null] for test class [com.didispace.ApplicationTests]
15:26:00.724 [main] DEBUG org.springframework.test.annotation.ProfileValueUtils - Retrieved ProfileValueSource type [class org.springframework.test.annotation.SystemProfileValueSource] for class [com.didispace.ApplicationTests]
15:26:00.725 [main] DEBUG org.springframework.test.annotation.ProfileValueUtils - Retrieved @ProfileValueSourceConfiguration [null] for test class [com.didispace.ApplicationTests]
15:26:00.726 [main] DEBUG org.springframework.test.annotation.ProfileValueUtils - Retrieved ProfileValueSource type [class org.springframework.test.annotation.SystemProfileValueSource] for class [com.didispace.ApplicationTests]
15:26:00.732 [main] DEBUG org.springframework.test.context.support.AbstractDirtiesContextTestExecutionListener - Before test class: context [DefaultTestContext@34c4973 testClass = ApplicationTests, testInstance = [null], testMethod = [null], testException = [null], mergedContextConfiguration = [WebMergedContextConfiguration@52feb982 testClass = ApplicationTests, locations = '{}', classes = '{class org.springframework.mock.web.MockServletContext}', contextInitializerClasses = '[]', activeProfiles = '{}', propertySourceLocations = '{}', propertySourceProperties = '{}', resourceBasePath = 'src/main/webapp', contextLoader = 'org.springframework.boot.test.SpringApplicationContextLoader', parent = [null]]], class annotated with @DirtiesContext [false] with mode [null].
15:26:00.733 [main] DEBUG org.springframework.test.annotation.ProfileValueUtils - Retrieved @ProfileValueSourceConfiguration [null] for test class [com.didispace.ApplicationTests]
15:26:00.734 [main] DEBUG org.springframework.test.annotation.ProfileValueUtils - Retrieved ProfileValueSource type [class org.springframework.test.annotation.SystemProfileValueSource] for class [com.didispace.ApplicationTests]
15:26:00.836 [main] DEBUG org.springframework.core.env.StandardEnvironment - Adding [systemProperties] PropertySource with lowest search precedence
15:26:00.837 [main] DEBUG org.springframework.core.env.StandardEnvironment - Adding [systemEnvironment] PropertySource with lowest search precedence
15:26:00.837 [main] DEBUG org.springframework.core.env.StandardEnvironment - Initialized StandardEnvironment with PropertySources [systemProperties,systemEnvironment]
15:26:00.839 [main] DEBUG org.springframework.core.env.StandardEnvironment - Adding [integrationTest] PropertySource with search precedence immediately lower than [systemEnvironment]
2019-06-26 15:26:01.519  INFO 3228 --- [           main] s.c.a.AnnotationConfigApplicationContext : Refreshing org.springframework.context.annotation.AnnotationConfigApplicationContext@63070bab: startup date [Wed Jun 26 15:26:01 CST 2019]; root of context hierarchy
2019-06-26 15:26:01.844  INFO 3228 --- [           main] f.a.AutowiredAnnotationBeanPostProcessor : JSR-330 'javax.inject.Inject' annotation found and supported for autowiring
2019-06-26 15:26:01.869  INFO 3228 --- [           main] trationDelegate$BeanPostProcessorChecker : Bean 'configurationPropertiesRebinderAutoConfiguration' of type [class org.springframework.cloud.autoconfigure.ConfigurationPropertiesRebinderAutoConfiguration$$EnhancerBySpringCGLIB$$f9a08463] is not eligible for getting processed by all BeanPostProcessors (for example: not eligible for auto-proxying)

  .   ____          _            __ _ _
 /\\ / ___'_ __ _ _(_)_ __  __ _ \ \ \ \
( ( )\___ | '_ | '_| | '_ \/ _` | \ \ \ \
 \\/  ___)| |_)| | | | | || (_| |  ) ) ) )
  '  |____| .__|_| |_|_| |_\__, | / / / /
 =========|_|==============|___/=/_/_/_/
 :: Spring Boot ::        (v1.3.5.RELEASE)

2019-06-26 15:26:02.390  INFO 3228 --- [           main] com.didispace.ApplicationTests           : No active profile set, falling back to default profiles: default
2019-06-26 15:26:02.393  INFO 3228 --- [           main] o.s.w.c.s.GenericWebApplicationContext   : Refreshing org.springframework.web.context.support.GenericWebApplicationContext@1f75a668: startup date [Wed Jun 26 15:26:02 CST 2019]; parent: org.springframework.context.annotation.AnnotationConfigApplicationContext@63070bab
2019-06-26 15:26:02.402  INFO 3228 --- [           main] f.a.AutowiredAnnotationBeanPostProcessor : JSR-330 'javax.inject.Inject' annotation found and supported for autowiring
2019-06-26 15:26:02.430  INFO 3228 --- [           main] com.didispace.ApplicationTests           : Started ApplicationTests in 1.58 seconds (JVM running for 2.372)
2019-06-26 15:26:02.621  INFO 3228 --- [           main] ilder$StaticRequestMappingHandlerMapping : Mapped "{[/add],methods=[GET]}" onto public java.lang.Integer com.didispace.web.ComputeController.add(java.lang.Integer,java.lang.Integer)
2019-06-26 15:26:02.656  INFO 3228 --- [           main] s.w.s.m.m.a.RequestMappingHandlerAdapter : Looking for @ControllerAdvice: org.springframework.test.web.servlet.setup.StubWebApplicationContext@7d446ed1
2019-06-26 15:26:02.717  INFO 3228 --- [           main] o.s.mock.web.MockServletContext          : Initializing Spring FrameworkServlet ''
2019-06-26 15:26:02.717  INFO 3228 --- [           main] o.s.t.web.servlet.TestDispatcherServlet  : FrameworkServlet '': initialization started
2019-06-26 15:26:02.718  INFO 3228 --- [           main] o.s.t.web.servlet.TestDispatcherServlet  : FrameworkServlet '': initialization completed in 1 ms
2019-06-26 15:26:02.741  WARN 3228 --- [           main] o.s.web.servlet.PageNotFound             : No mapping found for HTTP request with URI [/hello] in DispatcherServlet with name ''
]]></system-out>
  </testcase>
</testsuite>